# JRE version: OpenJDK Runtime Environment (8.0_152-b02) (build 1.8.0_152-release-1024-b02)
# Java VM: OpenJDK 64-Bit Server VM (25.152-b02 mixed mode windows-amd64 compressed oops)
Heap:
 PSYoungGen      total 172544K, used 160580K [0x00000000e0000000, 0x00000000eeb80000, 0x0000000100000000)
  eden space 157696K, 92% used [0x00000000e0000000,0x00000000e8e55b50,0x00000000e9a00000)
  from space 14848K, 99% used [0x00000000e9a00000,0x00000000ea87b510,0x00000000ea880000)
  to   space 22016K, 99% used [0x00000000ed600000,0x00000000eeb7ac28,0x00000000eeb80000)
 ParOldGen       total 98304K, used 42677K [0x00000000a0000000, 0x00000000a6000000, 0x00000000e0000000)
  object space 98304K, 43% used [0x00000000a0000000,0x00000000a29ad578,0x00000000a6000000)
 Metaspace       used 57266K, capacity 58858K, committed 58968K, reserved 1099776K
  class space    used 7667K, capacity 8048K, committed 8064K, reserved 1048576K
GC Heap History (10 events):
Event: 2.970 GC heap after
Heap after GC invocations=7 (full 1):
 PSYoungGen      total 111104K, used 7380K [0x00000000e0000000, 0x00000000e9300000, 0x0000000100000000)
  eden space 103424K, 0% used [0x00000000e0000000,0x00000000e0000000,0x00000000e6500000)
  from space 7680K, 96% used [0x00000000e8b80000,0x00000000e92b50a8,0x00000000e9300000)
  to   space 9728K, 0% used [0x00000000e8000000,0x00000000e8000000,0x00000000e8980000)
 ParOldGen       total 60928K, used 7921K [0x00000000a0000000, 0x00000000a3b80000, 0x00000000e0000000)
  object space 60928K, 13% used [0x00000000a0000000,0x00000000a07bc640,0x00000000a3b80000)
 Metaspace       used 26654K, capacity 27184K, committed 27392K, reserved 1073152K
  class space    used 3680K, capacity 3833K, committed 3840K, reserved 1048576K
}
Event: 3.848 GC heap before
{Heap before GC invocations=8 (full 1):
 PSYoungGen      total 111104K, used 95171K [0x00000000e0000000, 0x00000000e9300000, 0x0000000100000000)
  eden space 103424K, 84% used [0x00000000e0000000,0x00000000e55bbd00,0x00000000e6500000)
  from space 7680K, 96% used [0x00000000e8b80000,0x00000000e92b50a8,0x00000000e9300000)
  to   space 9728K, 0% used [0x00000000e8000000,0x00000000e8000000,0x00000000e8980000)
 ParOldGen       total 60928K, used 7921K [0x00000000a0000000, 0x00000000a3b80000, 0x00000000e0000000)
  object space 60928K, 13% used [0x00000000a0000000,0x00000000a07bc640,0x00000000a3b80000)
 Metaspace       used 34583K, capacity 35182K, committed 35416K, reserved 1079296K
  class space    used 4772K, capacity 4971K, committed 4992K, reserved 1048576K
Event: 3.875 GC heap after
Heap after GC invocations=8 (full 1):
 PSYoungGen      total 140800K, used 9711K [0x00000000e0000000, 0x00000000eb500000, 0x0000000100000000)
  eden space 131072K, 0% used [0x00000000e0000000,0x00000000e0000000,0x00000000e8000000)
  from space 9728K, 99% used [0x00000000e8000000,0x00000000e897bed8,0x00000000e8980000)
  to   space 12800K, 0% used [0x00000000ea880000,0x00000000ea880000,0x00000000eb500000)
 ParOldGen       total 60928K, used 10946K [0x00000000a0000000, 0x00000000a3b80000, 0x00000000e0000000)
  object space 60928K, 17% used [0x00000000a0000000,0x00000000a0ab0808,0x00000000a3b80000)
 Metaspace       used 34583K, capacity 35182K, committed 35416K, reserved 1079296K
  class space    used 4772K, capacity 4971K, committed 4992K, reserved 1048576K
}
Event: 3.875 GC heap before
{Heap before GC invocations=9 (full 2):
 PSYoungGen      total 140800K, used 9711K [0x00000000e0000000, 0x00000000eb500000, 0x0000000100000000)
  eden space 131072K, 0% used [0x00000000e0000000,0x00000000e0000000,0x00000000e8000000)
  from space 9728K, 99% used [0x00000000e8000000,0x00000000e897bed8,0x00000000e8980000)
  to   space 12800K, 0% used [0x00000000ea880000,0x00000000ea880000,0x00000000eb500000)
 ParOldGen       total 60928K, used 10946K [0x00000000a0000000, 0x00000000a3b80000, 0x00000000e0000000)
  object space 60928K, 17% used [0x00000000a0000000,0x00000000a0ab0808,0x00000000a3b80000)
 Metaspace       used 34583K, capacity 35182K, committed 35416K, reserved 1079296K
  class space    used 4772K, capacity 4971K, committed 4992K, reserved 1048576K
Event: 3.950 GC heap after
Heap after GC invocations=9 (full 2):
 PSYoungGen      total 140800K, used 0K [0x00000000e0000000, 0x00000000eb500000, 0x0000000100000000)
  eden space 131072K, 0% used [0x00000000e0000000,0x00000000e0000000,0x00000000e8000000)
  from space 9728K, 0% used [0x00000000e8000000,0x00000000e8000000,0x00000000e8980000)
  to   space 12800K, 0% used [0x00000000ea880000,0x00000000ea880000,0x00000000eb500000)
 ParOldGen       total 98304K, used 19062K [0x00000000a0000000, 0x00000000a6000000, 0x00000000e0000000)
  object space 98304K, 19% used [0x00000000a0000000,0x00000000a129d8a8,0x00000000a6000000)
 Metaspace       used 34583K, capacity 35182K, committed 35416K, reserved 1079296K
  class space    used 4772K, capacity 4971K, committed 4992K, reserved 1048576K
}
Event: 5.075 GC heap before
{Heap before GC invocations=10 (full 2):
 PSYoungGen      total 140800K, used 131072K [0x00000000e0000000, 0x00000000eb500000, 0x0000000100000000)
  eden space 131072K, 100% used [0x00000000e0000000,0x00000000e8000000,0x00000000e8000000)
  from space 9728K, 0% used [0x00000000e8000000,0x00000000e8000000,0x00000000e8980000)
  to   space 12800K, 0% used [0x00000000ea880000,0x00000000ea880000,0x00000000eb500000)
 ParOldGen       total 98304K, used 19062K [0x00000000a0000000, 0x00000000a6000000, 0x00000000e0000000)
  object space 98304K, 19% used [0x00000000a0000000,0x00000000a129d8a8,0x00000000a6000000)
 Metaspace       used 42854K, capacity 43784K, committed 43864K, reserved 1087488K
  class space    used 5915K, capacity 6207K, committed 6272K, reserved 1048576K
Event: 5.091 GC heap after
Heap after GC invocations=10 (full 2):
 PSYoungGen      total 170496K, used 12778K [0x00000000e0000000, 0x00000000ed500000, 0x0000000100000000)
  eden space 157696K, 0% used [0x00000000e0000000,0x00000000e0000000,0x00000000e9a00000)
  from space 12800K, 99% used [0x00000000ea880000,0x00000000eb4fab00,0x00000000eb500000)
  to   space 14848K, 0% used [0x00000000e9a00000,0x00000000e9a00000,0x00000000ea880000)
 ParOldGen       total 98304K, used 20505K [0x00000000a0000000, 0x00000000a6000000, 0x00000000e0000000)
  object space 98304K, 20% used [0x00000000a0000000,0x00000000a14066c0,0x00000000a6000000)
 Metaspace       used 42854K, capacity 43784K, committed 43864K, reserved 1087488K
  class space    used 5915K, capacity 6207K, committed 6272K, reserved 1048576K
}
Event: 6.961 GC heap before
{Heap before GC invocations=11 (full 2):
 PSYoungGen      total 170496K, used 170474K [0x00000000e0000000, 0x00000000ed500000, 0x0000000100000000)
  eden space 157696K, 100% used [0x00000000e0000000,0x00000000e9a00000,0x00000000e9a00000)
  from space 12800K, 99% used [0x00000000ea880000,0x00000000eb4fab00,0x00000000eb500000)
  to   space 14848K, 0% used [0x00000000e9a00000,0x00000000e9a00000,0x00000000ea880000)
 ParOldGen       total 98304K, used 20505K [0x00000000a0000000, 0x00000000a6000000, 0x00000000e0000000)
  object space 98304K, 20% used [0x00000000a0000000,0x00000000a14066c0,0x00000000a6000000)
 Metaspace       used 53964K, capacity 55502K, committed 55640K, reserved 1097728K
  class space    used 7353K, capacity 7764K, committed 7808K, reserved 1048576K
Event: 6.998 GC heap after
Heap after GC invocations=11 (full 2):
 PSYoungGen      total 172544K, used 14829K [0x00000000e0000000, 0x00000000eeb80000, 0x0000000100000000)
  eden space 157696K, 0% used [0x00000000e0000000,0x00000000e0000000,0x00000000e9a00000)
  from space 14848K, 99% used [0x00000000e9a00000,0x00000000ea87b510,0x00000000ea880000)
  to   space 22016K, 0% used [0x00000000ed600000,0x00000000ed600000,0x00000000eeb80000)
 ParOldGen       total 98304K, used 32967K [0x00000000a0000000, 0x00000000a6000000, 0x00000000e0000000)
  object space 98304K, 33% used [0x00000000a0000000,0x00000000a2031d20,0x00000000a6000000)
 Metaspace       used 53964K, capacity 55502K, committed 55640K, reserved 1097728K
  class space    used 7353K, capacity 7764K, committed 7808K, reserved 1048576K
}
Event: 12.817 GC heap before
{Heap before GC invocations=12 (full 2):
 PSYoungGen      total 172544K, used 160580K [0x00000000e0000000, 0x00000000eeb80000, 0x0000000100000000)
  eden space 157696K, 92% used [0x00000000e0000000,0x00000000e8e55b50,0x00000000e9a00000)
  from space 14848K, 99% used [0x00000000e9a00000,0x00000000ea87b510,0x00000000ea880000)
  to   space 22016K, 0% used [0x00000000ed600000,0x00000000ed600000,0x00000000eeb80000)
 ParOldGen       total 98304K, used 32967K [0x00000000a0000000, 0x00000000a6000000, 0x00000000e0000000)
  object space 98304K, 33% used [0x00000000a0000000,0x00000000a2031d20,0x00000000a6000000)
 Metaspace       used 57266K, capacity 58858K, committed 58968K, reserved 1099776K
  class space    used 7667K, capacity 8048K, committed 8064K, reserved 1048576K

