# JRE version: OpenJDK Runtime Environment (8.0_152-b02) (build 1.8.0_152-release-1024-b02)
# Java VM: OpenJDK 64-Bit Server VM (25.152-b02 mixed mode windows-amd64 compressed oops)
Heap:
 PSYoungGen      total 299520K, used 108726K [0x00000000e0000000, 0x00000000f3f80000, 0x0000000100000000)
  eden space 278016K, 39% used [0x00000000e0000000,0x00000000e6a2dad0,0x00000000f0f80000)
  from space 21504K, 0% used [0x00000000f2a80000,0x00000000f2a80000,0x00000000f3f80000)
  to   space 24576K, 0% used [0x00000000f0f80000,0x00000000f0f80000,0x00000000f2780000)
 ParOldGen       total 131584K, used 50352K [0x00000000a0000000, 0x00000000a8080000, 0x00000000e0000000)
  object space 131584K, 38% used [0x00000000a0000000,0x00000000a312c338,0x00000000a8080000)
 Metaspace       used 60495K, capacity 62632K, committed 62848K, reserved 1103872K
  class space    used 8150K, capacity 8711K, committed 8832K, reserved 1048576K
GC Heap History (10 events):
Event: 4.386 GC heap before
{Heap before GC invocations=9 (full 2):
 PSYoungGen      total 140288K, used 9724K [0x00000000e0000000, 0x00000000eea00000, 0x0000000100000000)
  eden space 130560K, 0% used [0x00000000e0000000,0x00000000e0000000,0x00000000e7f80000)
  from space 9728K, 99% used [0x00000000e7f80000,0x00000000e88ff188,0x00000000e8900000)
  to   space 13312K, 0% used [0x00000000edd00000,0x00000000edd00000,0x00000000eea00000)
 ParOldGen       total 51712K, used 12544K [0x00000000a0000000, 0x00000000a3280000, 0x00000000e0000000)
  object space 51712K, 24% used [0x00000000a0000000,0x00000000a0c40268,0x00000000a3280000)
 Metaspace       used 34497K, capacity 35300K, committed 35416K, reserved 1079296K
  class space    used 4833K, capacity 5095K, committed 5120K, reserved 1048576K
Event: 4.447 GC heap after
Heap after GC invocations=9 (full 2):
 PSYoungGen      total 140288K, used 0K [0x00000000e0000000, 0x00000000eea00000, 0x0000000100000000)
  eden space 130560K, 0% used [0x00000000e0000000,0x00000000e0000000,0x00000000e7f80000)
  from space 9728K, 0% used [0x00000000e7f80000,0x00000000e7f80000,0x00000000e8900000)
  to   space 13312K, 0% used [0x00000000edd00000,0x00000000edd00000,0x00000000eea00000)
 ParOldGen       total 79872K, used 20642K [0x00000000a0000000, 0x00000000a4e00000, 0x00000000e0000000)
  object space 79872K, 25% used [0x00000000a0000000,0x00000000a1428960,0x00000000a4e00000)
 Metaspace       used 34497K, capacity 35300K, committed 35416K, reserved 1079296K
  class space    used 4833K, capacity 5095K, committed 5120K, reserved 1048576K
}
Event: 5.607 GC heap before
{Heap before GC invocations=10 (full 2):
 PSYoungGen      total 140288K, used 130560K [0x00000000e0000000, 0x00000000eea00000, 0x0000000100000000)
  eden space 130560K, 100% used [0x00000000e0000000,0x00000000e7f80000,0x00000000e7f80000)
  from space 9728K, 0% used [0x00000000e7f80000,0x00000000e7f80000,0x00000000e8900000)
  to   space 13312K, 0% used [0x00000000edd00000,0x00000000edd00000,0x00000000eea00000)
 ParOldGen       total 79872K, used 20642K [0x00000000a0000000, 0x00000000a4e00000, 0x00000000e0000000)
  object space 79872K, 25% used [0x00000000a0000000,0x00000000a1428960,0x00000000a4e00000)
 Metaspace       used 43375K, capacity 44506K, committed 44800K, reserved 1087488K
  class space    used 6002K, capacity 6341K, committed 6400K, reserved 1048576K
Event: 5.623 GC heap after
Heap after GC invocations=10 (full 2):
 PSYoungGen      total 223232K, used 13290K [0x00000000e0000000, 0x00000000eeb00000, 0x0000000100000000)
  eden space 209920K, 0% used [0x00000000e0000000,0x00000000e0000000,0x00000000ecd00000)
  from space 13312K, 99% used [0x00000000edd00000,0x00000000ee9fa998,0x00000000eea00000)
  to   space 15360K, 0% used [0x00000000ecd00000,0x00000000ecd00000,0x00000000edc00000)
 ParOldGen       total 79872K, used 21957K [0x00000000a0000000, 0x00000000a4e00000, 0x00000000e0000000)
  object space 79872K, 27% used [0x00000000a0000000,0x00000000a1571550,0x00000000a4e00000)
 Metaspace       used 43375K, capacity 44506K, committed 44800K, reserved 1087488K
  class space    used 6002K, capacity 6341K, committed 6400K, reserved 1048576K
}
Event: 7.772 GC heap before
{Heap before GC invocations=11 (full 2):
 PSYoungGen      total 223232K, used 223210K [0x00000000e0000000, 0x00000000eeb00000, 0x0000000100000000)
  eden space 209920K, 100% used [0x00000000e0000000,0x00000000ecd00000,0x00000000ecd00000)
  from space 13312K, 99% used [0x00000000edd00000,0x00000000ee9fa998,0x00000000eea00000)
  to   space 15360K, 0% used [0x00000000ecd00000,0x00000000ecd00000,0x00000000edc00000)
 ParOldGen       total 79872K, used 21957K [0x00000000a0000000, 0x00000000a4e00000, 0x00000000e0000000)
  object space 79872K, 27% used [0x00000000a0000000,0x00000000a1571550,0x00000000a4e00000)
 Metaspace       used 54126K, capacity 55846K, committed 56192K, reserved 1097728K
  class space    used 7514K, capacity 7947K, committed 8064K, reserved 1048576K
Event: 7.798 GC heap after
Heap after GC invocations=11 (full 2):
 PSYoungGen      total 225280K, used 15357K [0x00000000e0000000, 0x00000000f4280000, 0x0000000100000000)
  eden space 209920K, 0% used [0x00000000e0000000,0x00000000e0000000,0x00000000ecd00000)
  from space 15360K, 99% used [0x00000000ecd00000,0x00000000edbff510,0x00000000edc00000)
  to   space 24576K, 0% used [0x00000000f2a80000,0x00000000f2a80000,0x00000000f4280000)
 ParOldGen       total 79872K, used 38836K [0x00000000a0000000, 0x00000000a4e00000, 0x00000000e0000000)
  object space 79872K, 48% used [0x00000000a0000000,0x00000000a25ed250,0x00000000a4e00000)
 Metaspace       used 54126K, capacity 55846K, committed 56192K, reserved 1097728K
  class space    used 7514K, capacity 7947K, committed 8064K, reserved 1048576K
}
Event: 9.413 GC heap before
{Heap before GC invocations=12 (full 2):
 PSYoungGen      total 225280K, used 112787K [0x00000000e0000000, 0x00000000f4280000, 0x0000000100000000)
  eden space 209920K, 46% used [0x00000000e0000000,0x00000000e5f258a8,0x00000000ecd00000)
  from space 15360K, 99% used [0x00000000ecd00000,0x00000000edbff510,0x00000000edc00000)
  to   space 24576K, 0% used [0x00000000f2a80000,0x00000000f2a80000,0x00000000f4280000)
 ParOldGen       total 79872K, used 38836K [0x00000000a0000000, 0x00000000a4e00000, 0x00000000e0000000)
  object space 79872K, 48% used [0x00000000a0000000,0x00000000a25ed250,0x00000000a4e00000)
 Metaspace       used 56862K, capacity 58964K, committed 59008K, reserved 1099776K
  class space    used 7778K, capacity 8305K, committed 8320K, reserved 1048576K
Event: 9.440 GC heap after
Heap after GC invocations=12 (full 2):
 PSYoungGen      total 299520K, used 15533K [0x00000000e0000000, 0x00000000f3f80000, 0x0000000100000000)
  eden space 278016K, 0% used [0x00000000e0000000,0x00000000e0000000,0x00000000f0f80000)
  from space 21504K, 72% used [0x00000000f2a80000,0x00000000f39ab588,0x00000000f3f80000)
  to   space 24576K, 0% used [0x00000000f0f80000,0x00000000f0f80000,0x00000000f2780000)
 ParOldGen       total 79872K, used 43906K [0x00000000a0000000, 0x00000000a4e00000, 0x00000000e0000000)
  object space 79872K, 54% used [0x00000000a0000000,0x00000000a2ae0958,0x00000000a4e00000)
 Metaspace       used 56862K, capacity 58964K, committed 59008K, reserved 1099776K
  class space    used 7778K, capacity 8305K, committed 8320K, reserved 1048576K
}
Event: 9.440 GC heap before
{Heap before GC invocations=13 (full 3):
 PSYoungGen      total 299520K, used 15533K [0x00000000e0000000, 0x00000000f3f80000, 0x0000000100000000)
  eden space 278016K, 0% used [0x00000000e0000000,0x00000000e0000000,0x00000000f0f80000)
  from space 21504K, 72% used [0x00000000f2a80000,0x00000000f39ab588,0x00000000f3f80000)
  to   space 24576K, 0% used [0x00000000f0f80000,0x00000000f0f80000,0x00000000f2780000)
 ParOldGen       total 79872K, used 43906K [0x00000000a0000000, 0x00000000a4e00000, 0x00000000e0000000)
  object space 79872K, 54% used [0x00000000a0000000,0x00000000a2ae0958,0x00000000a4e00000)
 Metaspace       used 56862K, capacity 58964K, committed 59008K, reserved 1099776K
  class space    used 7778K, capacity 8305K, committed 8320K, reserved 1048576K
Event: 9.602 GC heap after
Heap after GC invocations=13 (full 3):
 PSYoungGen      total 299520K, used 0K [0x00000000e0000000, 0x00000000f3f80000, 0x0000000100000000)
  eden space 278016K, 0% used [0x00000000e0000000,0x00000000e0000000,0x00000000f0f80000)
  from space 21504K, 0% used [0x00000000f2a80000,0x00000000f2a80000,0x00000000f3f80000)
  to   space 24576K, 0% used [0x00000000f0f80000,0x00000000f0f80000,0x00000000f2780000)
 ParOldGen       total 131584K, used 50352K [0x00000000a0000000, 0x00000000a8080000, 0x00000000e0000000)
  object space 131584K, 38% used [0x00000000a0000000,0x00000000a312c338,0x00000000a8080000)
 Metaspace       used 56862K, capacity 58964K, committed 59008K, reserved 1099776K
  class space    used 7778K, capacity 8305K, committed 8320K, reserved 1048576K
}

